# JRE version: Java(TM) SE Runtime Environment (26.0.2+10) (build 26.0.2+10-55)
# Java VM: Java HotSpot(TM) 64-Bit Server VM (26.0.2+10-55, mixed mode, sharing, tiered, compressed oops, compressed class ptrs, g1 gc, windows-amd64)
GC Precious Log:
 CardTable entry size: 512
 Card Set container configuration: InlinePtr #cards 5 size 8 Array Of Cards #cards 10 size 36 Howl #buckets 4 coarsen threshold 1843 Howl Bitmap #cards 512 size 80 coarsen threshold 460 Card regions per heap region 1 cards per card region 2048
 CPUs: 12 total, 12 available
 Memory: 16068M
 Large Page Support: Disabled
 NUMA Support: Disabled
 Compressed Oops: Enabled (32-bit)
 Heap Region Size: 1M
 Heap Min Capacity: 8M
 Heap Initial Capacity: 8M
 Heap Max Capacity: 2G
 Pre-touch: Disabled
 Parallel Workers: 10
 Concurrent Workers: 3
 Concurrent Refinement Workers: 10
 Periodic GC: Disabled
Heap:
 garbage-first heap   total reserved 2097152K, committed 95232K, used 55713K [0x0000000080000000, 0x0000000100000000)
  region size 1M, 34 eden (34M), 6 survivor (6M), 11 old (11M), 5 humongous (5M), 37 free (37M)
GC Heap Usage History (20 events):
Event: 0.246 {heap Before GC invocations=0 (full 0):
 garbage-first heap   total reserved 2097152K, committed 10240K, used 5283K [0x0000000080000000, 0x0000000100000000)
  region size 1M, 4 eden (4M), 0 survivor (0M), 2 old (2M), 0 humongous (0M), 4 free (4M)
}
Event: 0.249 {heap After GC invocations=1 (full 0):
 garbage-first heap   total reserved 2097152K, committed 10240K, used 1987K [0x0000000080000000, 0x0000000100000000)
  region size 1M, 0 eden (0M), 1 survivor (1M), 2 old (2M), 0 humongous (0M), 7 free (7M)
}
Event: 0.285 {heap Before GC invocations=1 (full 0):
 garbage-first heap   total reserved 2097152K, committed 10240K, used 4035K [0x0000000080000000, 0x0000000100000000)
  region size 1M, 3 eden (3M), 1 survivor (1M), 2 old (2M), 0 humongous (0M), 4 free (4M)
}
Event: 0.287 {heap After GC invocations=2 (full 0):
 garbage-first heap   total reserved 2097152K, committed 10240K, used 1969K [0x0000000080000000, 0x0000000100000000)
  region size 1M, 0 eden (0M), 1 survivor (1M), 3 old (3M), 0 humongous (0M), 6 free (6M)
}
Event: 0.330 {heap Before GC invocations=2 (full 0):
 garbage-first heap   total reserved 2097152K, committed 10240K, used 5041K [0x0000000080000000, 0x0000000100000000)
  region size 1M, 3 eden (3M), 1 survivor (1M), 3 old (3M), 0 humongous (0M), 3 free (3M)
}
Event: 0.331 {heap After GC invocations=3 (full 0):
 garbage-first heap   total reserved 2097152K, committed 10240K, used 2031K [0x0000000080000000, 0x0000000100000000)
  region size 1M, 0 eden (0M), 1 survivor (1M), 3 old (3M), 0 humongous (0M), 6 free (6M)
}
Event: 0.401 {heap Before GC invocations=3 (full 0):
 garbage-first heap   total reserved 2097152K, committed 10240K, used 4079K [0x0000000080000000, 0x0000000100000000)
  region size 1M, 3 eden (3M), 1 survivor (1M), 3 old (3M), 0 humongous (0M), 3 free (3M)
}
Event: 0.403 {heap After GC invocations=4 (full 0):
 garbage-first heap   total reserved 2097152K, committed 30720K, used 4195K [0x0000000080000000, 0x0000000100000000)
  region size 1M, 0 eden (0M), 1 survivor (1M), 4 old (4M), 0 humongous (0M), 25 free (25M)
}
Event: 0.804 {heap Before GC invocations=4 (full 0):
 garbage-first heap   total reserved 2097152K, committed 30720K, used 19555K [0x0000000080000000, 0x0000000100000000)
  region size 1M, 12 eden (12M), 1 survivor (1M), 4 old (4M), 4 humongous (4M), 9 free (9M)
}
Event: 0.809 {heap After GC invocations=5 (full 0):
 garbage-first heap   total reserved 2097152K, committed 30720K, used 12443K [0x0000000080000000, 0x0000000100000000)
  region size 1M, 0 eden (0M), 2 survivor (2M), 7 old (7M), 4 humongous (4M), 17 free (17M)
}
Event: 0.954 {heap Before GC invocations=5 (full 0):
 garbage-first heap   total reserved 2097152K, committed 30720K, used 19611K [0x0000000080000000, 0x0000000100000000)
  region size 1M, 7 eden (7M), 2 survivor (2M), 7 old (7M), 4 humongous (4M), 10 free (10M)
}
Event: 0.958 {heap After GC invocations=6 (full 0):
 garbage-first heap   total reserved 2097152K, committed 30720K, used 13145K [0x0000000080000000, 0x0000000100000000)
  region size 1M, 0 eden (0M), 1 survivor (1M), 9 old (9M), 4 humongous (4M), 16 free (16M)
}
Event: 1.008 {heap Before GC invocations=6 (full 0):
 garbage-first heap   total reserved 2097152K, committed 30720K, used 21337K [0x0000000080000000, 0x0000000100000000)
  region size 1M, 8 eden (8M), 1 survivor (1M), 9 old (9M), 4 humongous (4M), 8 free (8M)
}
Event: 1.011 {heap After GC invocations=7 (full 0):
 garbage-first heap   total reserved 2097152K, committed 30720K, used 13341K [0x0000000080000000, 0x0000000100000000)
  region size 1M, 0 eden (0M), 1 survivor (1M), 9 old (9M), 4 humongous (4M), 16 free (16M)
}
Event: 1.078 {heap Before GC invocations=7 (full 0):
 garbage-first heap   total reserved 2097152K, committed 30720K, used 21533K [0x0000000080000000, 0x0000000100000000)
  region size 1M, 9 eden (9M), 1 survivor (1M), 9 old (9M), 4 humongous (4M), 7 free (7M)
}
Event: 1.080 {heap After GC invocations=8 (full 0):
 garbage-first heap   total reserved 2097152K, committed 30720K, used 14006K [0x0000000080000000, 0x0000000100000000)
  region size 1M, 0 eden (0M), 2 survivor (2M), 9 old (9M), 4 humongous (4M), 15 free (15M)
}
Event: 1.226 {heap Before GC invocations=9 (full 0):
 garbage-first heap   total reserved 2097152K, committed 30720K, used 24246K [0x0000000080000000, 0x0000000100000000)
  region size 1M, 9 eden (9M), 2 survivor (2M), 9 old (9M), 6 humongous (6M), 4 free (4M)
}
Event: 1.232 {heap After GC invocations=10 (full 0):
 garbage-first heap   total reserved 2097152K, committed 95232K, used 17895K [0x0000000080000000, 0x0000000100000000)
  region size 1M, 0 eden (0M), 2 survivor (2M), 12 old (12M), 5 humongous (5M), 74 free (74M)
}
Event: 1.945 {heap Before GC invocations=10 (full 0):
 garbage-first heap   total reserved 2097152K, committed 95232K, used 59879K [0x0000000080000000, 0x0000000100000000)
  region size 1M, 41 eden (41M), 2 survivor (2M), 12 old (12M), 5 humongous (5M), 33 free (33M)
}
Event: 1.953 {heap After GC invocations=11 (full 0):
 garbage-first heap   total reserved 2097152K, committed 95232K, used 21921K [0x0000000080000000, 0x0000000100000000)
  region size 1M, 0 eden (0M), 6 survivor (6M), 11 old (11M), 5 humongous (5M), 71 free (71M)
}

